<?xml version="1.0" encoding="UTF-8" ?>
<testsuite tests="1" failures="0" name="com.javacodegeeks.AppTest" time="0.003" errors="0" skipped="0">
  <properties>
    <property name="java.runtime.name" value="Java(TM) SE Runtime Environment"/>
    <property name="ibm.signalhandling.rs" value="false"/>
    <property name="sun.boot.library.path" value="C:\IBM\SDP9.6\jdk\jre\bin\compressedrefs;C:\IBM\SDP9.6\jdk\jre\bin"/>
    <property name="java.vm.version" value="2.9"/>
    <property name="com.ibm.oti.configuration" value="scar"/>
    <property name="java.vm.vendor" value="IBM Corporation"/>
    <property name="maven.multiModuleProjectDirectory" value="C:\Users\James\IBM\rationalsdp\workspace_9.6\SampleApplication"/>
    <property name="java.vendor.url" value="http://www.ibm.com"/>
    <property name="path.separator" value=";"/>
    <property name="guice.disable.misplaced.annotation.check" value="true"/>
    <property name="java.vm.name" value="IBM J9 VM"/>
    <property name="file.encoding.pkg" value="sun.io"/>
    <property name="user.country" value="GB"/>
    <property name="sun.java.launcher" value="SUN_STANDARD"/>
    <property name="java.vm.specification.name" value="Java Virtual Machine Specification"/>
    <property name="user.dir" value="C:\Users\James\IBM\rationalsdp\workspace_9.6\SampleApplication"/>
    <property name="java.runtime.version" value="8.0.5.15 - pwa6480sr5fp15-20180502_01(SR5 FP15)"/>
    <property name="java.fullversion" value="8.0.5.15 - pwa6480sr5fp15-20180502_01(SR5 FP15)
JRE 1.8.0 Windows 8.1 amd64-64 Compressed References 20180425_385365 (JIT enabled, AOT enabled)
OpenJ9   - a7ffbfe
OMR      - a531219
IBM      - 59ef3dc"/>
    <property name="java.awt.graphicsenv" value="sun.awt.Win32GraphicsEnvironment"/>
    <property name="java.endorsed.dirs" value="C:\IBM\SDP9.6\jdk\jre\lib\endorsed"/>
    <property name="os.arch" value="amd64"/>
    <property name="com.ibm.vm.bitmode" value="64"/>
    <property name="java.io.tmpdir" value="C:\Users\James\AppData\Local\Temp\"/>
    <property name="com.ibm.system.agent.path" value="C:\IBM\SDP9.6\jdk\jre\bin"/>
    <property name="com.ibm.util.extralibs.properties" value=""/>
    <property name="line.separator" value="
"/>
    <property name="java.vm.specification.vendor" value="Oracle Corporation"/>
    <property name="user.variant" value=""/>
    <property name="java.awt.fonts" value=""/>
    <property name="os.name" value="Windows 8.1"/>
    <property name="classworlds.conf" value="C:\Users\James\IBM\rationalsdp\workspace_9.6\.metadata\.plugins\org.eclipse.m2e.launching\launches\m2conf7876326048266562176.tmp"/>
    <property name="sun.jnu.encoding" value="Cp1252"/>
    <property name="java.library.path" value="C:\IBM\SDP9.6\jdk\jre\bin\compressedrefs;C:\IBM\SDP9.6\jdk\jre\bin;C:\Windows\system32;C:\Windows;C:\Program Files (x86)\Common Files\Oracle\Java\javapath;c:\programdata\oracle\java\javapath;c:\program files (x86)\intel\icls client\;c:\program files\intel\icls client\;c:\windows\system32;c:\windows;c:\windows\system32\wbem;c:\windows\system32\windowspowershell\v1.0\;c:\program files\intel\intel(r) management engine components\dal;c:\program files\intel\intel(r) management engine components\ipt;c:\program files (x86)\intel\intel(r) management engine components\dal;c:\program files (x86)\intel\intel(r) management engine components\ipt;c:\program files (x86)\windows live\shared;c:\program files (x86)\ibm\client access\emulator;c:\program files (x86)\ibm\client access\shared;c:\program files (x86)\ibm\client access\;c:\program files (x86)\nvidia corporation\physx\common;c:\program files\microsoft sql server\client sdk\odbc\110\tools\binn\;c:\program files (x86)\microsoft sql server\120\tools\binn\;c:\program files\microsoft sql server\120\tools\binn\;c:\program files\microsoft sql server\120\dts\binn\;c:\program files\ibm\gsk8\lib64;c:\program files (x86)\ibm\gsk8\lib;C:\IBM\SQLLIB\BIN;C:\IBM\SQLLIB\FUNCTION;C:\IBM\SQLLIB\SAMPLES\REPL;C:\Adelia Studio\;C:\Adelia Studio\javarun;C:\Program Files (x86)\Google\Google Apps Sync\;C:\Program Files (x86)\Google\Google Apps Migration\;C:\Windows\system32\config\systemprofile\.dnx\bin;C:\Program Files\Microsoft DNX\Dnvm\;C:\nodejs\;C:\Program Files\Microsoft SQL Server\Client SDK\ODBC\130\Tools\Binn\;C:\Program Files (x86)\Microsoft SQL Server\140\Tools\Binn\;C:\Program Files\Microsoft SQL Server\140\Tools\Binn\;C:\Program Files\Microsoft SQL Server\140\DTS\Binn\;C:\Program Files\Microsoft SQL Server\130\Tools\Binn\;C:\Program Files (x86)\Microsoft SQL Server\Client SDK\ODBC\130\Tools\Binn\;C:\Program Files (x86)\Microsoft SQL Server\140\DTS\Binn\;C:\Program Files (x86)\Microsoft SQL Server\140\Tools\Binn\ManagementStudio\;;C:\Microsoft VS Code\bin;C:\Users\James\AppData\Roaming\npm;."/>
    <property name="com.ibm.oti.vm.bootstrap.library.path" value="C:\IBM\SDP9.6\jdk\jre\bin\compressedrefs;C:\IBM\SDP9.6\jdk\jre\bin"/>
    <property name="java.class.version" value="52.0"/>
    <property name="java.specification.name" value="Java Platform API Specification"/>
    <property name="com.ibm.cpu.endian" value="little"/>
    <property name="ibm.system.encoding" value="Cp1252"/>
    <property name="os.version" value="6.3"/>
    <property name="com.ibm.oti.vm.library.version" value="29"/>
    <property name="com.ibm.jcl.checkClassPath" value=""/>
    <property name="user.home" value="C:\Users\James"/>
    <property name="user.timezone" value="Europe/London"/>
    <property name="java.awt.printerjob" value="sun.awt.windows.WPrinterJob"/>
    <property name="java.specification.version" value="1.8"/>
    <property name="file.encoding" value="Cp1252"/>
    <property name="java.class.path" value="C:\IBM\SDPShared\plugins\org.eclipse.m2e.maven.runtime_1.8.2.20171007-0216\jars\plexus-classworlds-2.5.2.jar"/>
    <property name="user.name" value="James"/>
    <property name="com.ibm.oti.shared.enabled" value="false"/>
    <property name="java.vm.specification.version" value="1.8"/>
    <property name="java.home" value="C:\IBM\SDP9.6\jdk\jre"/>
    <property name="sun.java.command" value="org.codehaus.plexus.classworlds.launcher.Launcher -B install"/>
    <property name="sun.arch.data.model" value="64"/>
    <property name="java.specification.vendor" value="Oracle Corporation"/>
    <property name="ibm.signalhandling.sigint" value="true"/>
    <property name="user.language" value="en"/>
    <property name="os.encoding" value="UTF8"/>
    <property name="awt.toolkit" value="sun.awt.windows.WToolkit"/>
    <property name="java.vm.info" value="JRE 1.8.0 Windows 8.1 amd64-64 Compressed References 20180425_385365 (JIT enabled, AOT enabled)
OpenJ9   - a7ffbfe
OMR      - a531219
IBM      - 59ef3dc"/>
    <property name="java.version" value="1.8.0_171"/>
    <property name="java.ext.dirs" value="C:\IBM\SDP9.6\jdk\jre\lib\ext"/>
    <property name="sun.boot.class.path" value="C:\IBM\SDP9.6\jdk\jre\lib\endorsed\jaxws-api.jar;C:\IBM\SDP9.6\jdk\jre\lib\endorsed\jaxb-api.jar;C:\IBM\SDP9.6\jdk\jre\lib\endorsed\javax.j2ee.annotation.jar;C:\IBM\SDP9.6\jdk\jre\bin\compressedrefs\jclSC180\vm.jar;C:\IBM\SDP9.6\jdk\jre\lib\se-service.jar;C:\IBM\SDP9.6\jdk\jre\lib\cuda4j.jar;C:\IBM\SDP9.6\jdk\jre\lib\math.jar;C:\IBM\SDP9.6\jdk\jre\lib\ibmorb.jar;C:\IBM\SDP9.6\jdk\jre\lib\ibmorbapi.jar;C:\IBM\SDP9.6\jdk\jre\lib\ibmcfw.jar;C:\IBM\SDP9.6\jdk\jre\lib\ibmpkcs.jar;C:\IBM\SDP9.6\jdk\jre\lib\ibmcertpathfw.jar;C:\IBM\SDP9.6\jdk\jre\lib\ibmjgssfw.jar;C:\IBM\SDP9.6\jdk\jre\lib\ibmjssefw.jar;C:\IBM\SDP9.6\jdk\jre\lib\ibmsaslfw.jar;C:\IBM\SDP9.6\jdk\jre\lib\ibmjcefw.jar;C:\IBM\SDP9.6\jdk\jre\lib\ibmjgssprovider.jar;C:\IBM\SDP9.6\jdk\jre\lib\ibmjsseprovider2.jar;C:\IBM\SDP9.6\jdk\jre\lib\ibmcertpathprovider.jar;C:\IBM\SDP9.6\jdk\jre\lib\xmldsigfw.jar;C:\IBM\SDP9.6\jdk\jre\lib\xml.jar;C:\IBM\SDP9.6\jdk\jre\lib\charsets.jar;C:\IBM\SDP9.6\jdk\jre\lib\resources.jar;C:\IBM\SDP9.6\jdk\jre\lib\rt.jar;C:\IBM\SDP9.6\jdk\jre\lib\dataaccess.jar"/>
    <property name="java.vendor" value="IBM Corporation"/>
    <property name="maven.home" value="C:\Users\James\IBM\rationalsdp\workspace_9.6\SampleApplication\EMBEDDED"/>
    <property name="file.separator" value="\"/>
    <property name="java.compiler" value="j9jit29"/>
    <property name="sun.io.unicode.encoding" value="UnicodeLittle"/>
    <property name="sun.cpu.endian" value="little"/>
    <property name="com.ibm.zero.version" value="2"/>
    <property name="ibm.signalhandling.sigchain" value="true"/>
    <property name="sun.desktop" value="windows"/>
  </properties>
  <testcase classname="com.javacodegeeks.AppTest" name="testApp" time="0.003"/>
</testsuite>